<?xml version="1.0" encoding="UTF-8"?>
<!-- Generated by org.testng.reporters.JUnitXMLReporter -->
<testsuite ignored="0" hostname="LAPTOP-GHCIP61N" failures="0" tests="1" name="Test-Runner-3" time="0.065" errors="0" timestamp="2023-01-22T20:26:02 IST">
  <testcase classname="vTiger.GenericUtility.BaseClass" name="@BeforeClass bcConfig" time="-1.674399362464E9">
    <failure type="org.testng.TestNGException" message="
Parameter &amp;apos;browser&amp;apos; is required by BeforeClass on method bcConfig but has not been marked @Optional or defined
in C:\Users\soori\eclipse-workspace-1\Vtiger.WCSM23.AutomationFramework\testngParallelExecution.xml">
      <![CDATA[org.testng.TestNGException: 
Parameter 'browser' is required by BeforeClass on method bcConfig but has not been marked @Optional or defined
in C:\Users\soori\eclipse-workspace-1\Vtiger.WCSM23.AutomationFramework\testngParallelExecution.xml
at java.base/java.util.ArrayList.forEach(ArrayList.java:1511)
at java.base/java.util.concurrent.FutureTask.run(FutureTask.java:264)
at java.base/java.util.concurrent.ThreadPoolExecutor.runWorker(ThreadPoolExecutor.java:1136)
at java.base/java.util.concurrent.ThreadPoolExecutor$Worker.run(ThreadPoolExecutor.java:635)
at java.base/java.lang.Thread.run(Thread.java:833)
... Removed 13 stack frames]]>
    </failure>
  </testcase> <!-- @BeforeClass bcConfig -->
  <testcase classname="vTiger.GenericUtility.BaseClass" name="@BeforeMethod bmConfig" time="-1.674399362489E9">
    <skipped/>
  </testcase> <!-- @BeforeMethod bmConfig -->
  <testcase classname="vTiger.GenericUtility.BaseClass" name="@AfterMethod amConfig" time="-1.674399362497E9">
    <skipped/>
  </testcase> <!-- @AfterMethod amConfig -->
  <testcase classname="vTiger.GenericUtility.BaseClass" name="@AfterClass acConfig" time="-1.674399362499E9">
    <skipped/>
  </testcase> <!-- @AfterClass acConfig -->
  <testcase classname="Vtiger.Practice.DemoTest1" name="demoTest" time="0.0">
    <skipped/>
  </testcase> <!-- demoTest -->
</testsuite> <!-- Test-Runner-3 -->
